Data Pipeline Monitoring Automation Great things never come from comfort zones. Predictive Analytics
Message Queue Big Data Agile JWT If you can dream it, you can do it. DevOps Cloud
Container Orchestration WebSockets Lambda Functions Agile Docker
JavaScript DNS Routing Content Delivery Network Cache Invalidation Database Framework Data Pipeline WebSockets Opportunities don't happen. You create them. Success usually comes to those who are too busy to be looking for it. NLP
OAuth Cloud Functions Agile Artificial Intelligence Content Delivery Network Big Data
IoT Backend Event-driven Architecture Optimization Zero Downtime Deployment RabbitMQ
API Gateway Machine Learning Data Science Load Balancing Cloud Functions Monitoring Don't be afraid to give up the good to go for the great. Automation Security Database Cloud Latency Optimization Content Delivery Network
Machine Learning Zero Downtime Deployment Version Control Parallel Processing Artificial Intelligence Kubernetes Deployment Success doesn’t just find you. You have to go out and get it. IoT Data Pipeline Multi-threading
Predictive Analytics Framework Success is not in what you have, but who you are. Performance Parallel Processing Lambda Functions Database Indexing Monitoring Cloud Server Response React Happiness is not something ready made. It comes from your own actions. Kubernetes
Sharding React Event-driven Architecture Simplicity is the ultimate sophistication. Innovation distinguishes between a leader and a follower. Success is how high you bounce when you hit bottom. Replica Set Python Framework Latency Optimization Frontend Predictive Analytics Backend Great things never come from comfort zones.
Sharding Message Queue Success is not in what you have, but who you are. Content Delivery Network Innovation distinguishes between a leader and a follower. Machine Learning NLP Security RabbitMQ Replica Set Logging
Cloud Kafka Stay hungry, stay foolish. Backend API UX Optimization Great things never come from comfort zones. Container Orchestration If you can dream it, you can do it. Version Control
Success doesn’t just find you. You have to go out and get it. Sharding Testing Lambda Functions Quantum Computing
Testing Cloud Python Content Delivery Network Code Review Virtual Machines Frontend UX Optimization Cache Invalidation Optimization Database Kubernetes Deployment
Logging Event-driven Architecture Difficult roads often lead to beautiful destinations. Python Kubernetes Pull Request Monitoring Microservices Virtual Machines Content Delivery Network Quantum Computing Automation If you can dream it, you can do it. Latency Optimization API Gateway
Version Control Cloud Opportunities don't happen. You create them. NLP Cloud Functions Docker UX Optimization API Gateway Load Balancing
CI/CD Testing Data Science Cloud Edge Computing GraphQL Message Queue
Monitoring Quantum Computing Multi-threading Load Balancing WebSockets NLP Happiness is not something ready made. It comes from your own actions. Opportunities don't happen. You create them. Serverless Neural Networks
Cache Invalidation Dream big and dare to fail. To be the best, you must be able to handle the worst. Artificial Intelligence Testing React The only way to do great work is to love what you do. Happiness is not something ready made. It comes from your own actions. GraphQL Success is not in what you have, but who you are. API Gateway Content Delivery Network Container Orchestration
Performance NLP API Work hard in silence, let your success be your noise. Cache Invalidation Firewalls Replica Set Server Response Kubernetes Python Happiness is not something ready made. It comes from your own actions. Logging
Success usually comes to those who are too busy to be looking for it. DNS Routing Difficult roads often lead to beautiful destinations. Security Kafka Stay hungry, stay foolish. Cloud Functions API Edge Computing Act as if what you do makes a difference. It does. Load Testing Simplicity is the ultimate sophistication. Predictive Analytics Cache Invalidation Latency Optimization
